Registration script started
Checking required fields...
Validating username length...
Validating email format...
Validating password match...
Validating password strength...
Password validation failed
Registration script started
Checking required fields...
Validating username length...
Validating email format...
Validating password match...
Validating password strength...
Password validation failed
Registration script started
Checking required fields...
Validating username length...
Validating email format...
Validating password match...
Validating password strength...
Password analysis: length=11, uppercase=1, lowercase=1, number=1, special=1
Starting database operations...
Checking if username exists...
Checking if email exists...
Creating password hash...
Inserting user into database...
Database error: SQLSTATE[HY000]: General error: 1366 Incorrect integer value: '' for column 'is_verified' at row 1
Registration script started
Checking required fields...
Validating username length...
Validating email format...
Validating password match...
Validating password strength...
Starting database operations...
Checking if username exists...
Checking if email exists...
Creating password hash...
Inserting user into database...
Database error: SQLSTATE[HY000]: General error: 1364 Field 'otp' doesn't have a default value
Inserting user into database...
Inserting user into database...
Inserting user into database...
Inserting user into database...
Inserting user into database...
